<?xml version="1.0" encoding="UTF-8"?>
<!-- Generated by org.testng.reporters.JUnitXMLReporter -->
<testsuite ignored="1" hostname="LAPTOP-Q7HOVIES" failures="0" tests="1" name="Default Test" time="5.903" errors="0" timestamp="2026-02-21T21:28:34 IST">
  <testcase classname="elements.ActionsTest" name="dragAndDropTest" time="5.797"/>
  <testcase classname="elements.ActionsTest" name="actionstest_MouseHover" time="0.0">
    <ignored/>
  </testcase> <!-- actionstest_MouseHover -->
</testsuite> <!-- Default Test -->
