<?xml version="1.0" encoding="UTF-8"?>
<testng-results ignored="1" total="2" passed="1" failed="0" skipped="0">
  <reporter-output>
  </reporter-output>
  <suite started-at="2026-02-21T21:28:28 IST" name="2026Learn Suite" finished-at="2026-02-21T21:28:34 IST" duration-ms="5903">
    <groups>
    </groups>
    <test started-at="2026-02-21T21:28:28 IST" name="Default Test" finished-at="2026-02-21T21:28:34 IST" duration-ms="5903">
      <class name="elements.ActionsTest">
        <test-method signature="dragAndDropTest()[pri:0, instance:elements.ActionsTest@2dbf4cbd]" started-at="2026-02-21T21:28:28 IST" name="dragAndDropTest" finished-at="2026-02-21T21:28:34 IST" duration-ms="5797" status="PASS">
          <reporter-output>
          </reporter-output>
        </test-method> <!-- dragAndDropTest -->
      </class> <!-- elements.ActionsTest -->
    </test> <!-- Default Test -->
  </suite> <!-- 2026Learn Suite -->
</testng-results>
