<?xml version="1.0" encoding="UTF-8"?>
<!-- Generated by org.testng.reporters.JUnitReportReporter -->
<testsuite hostname="LAPTOP-Q7HOVIES" failures="0" tests="2" name="elements.ActionsTest" time="5.797" errors="0" timestamp="2026-02-21T21:28:34 IST" skipped="1">
  <testcase classname="elements.ActionsTest" name="dragAndDropTest" time="5.797"/>
  <testcase classname="elements.ActionsTest" name="actionstest_MouseHover">
    <skipped/>
  </testcase> <!-- actionstest_MouseHover -->
</testsuite> <!-- elements.ActionsTest -->
